[0.153s] DEBUG:colcon:Command line arguments: ['/usr/bin/colcon', 'build', '--symlink-install']
[0.153s] DEBUG:colcon:Parsed command line arguments: Namespace(log_base=None, log_level=None, verb_name='build', build_base='build', install_base='install', merge_install=False, symlink_install=True, test_result_base=None, continue_on_error=False, executor='parallel', parallel_workers=2, event_handlers=None, ignore_user_meta=False, metas=['./colcon.meta'], base_paths=['.'], packages_ignore=None, packages_ignore_regex=None, paths=None, packages_up_to=None, packages_up_to_regex=None, packages_above=None, packages_above_and_dependencies=None, packages_above_depth=None, packages_select_by_dep=None, packages_skip_by_dep=None, packages_skip_up_to=None, packages_select_build_failed=False, packages_skip_build_finished=False, packages_select_test_failures=False, packages_skip_test_passed=False, packages_select=None, packages_skip=None, packages_select_regex=None, packages_skip_regex=None, packages_start=None, packages_end=None, allow_overriding=[], cmake_args=None, cmake_target=None, cmake_target_skip_unavailable=False, cmake_clean_cache=False, cmake_clean_first=False, cmake_force_configure=False, ament_cmake_args=None, catkin_cmake_args=None, catkin_skip_building_tests=False, verb_parser=<colcon_defaults.argument_parser.defaults.DefaultArgumentsDecorator object at 0x74568987e9e0>, verb_extension=<colcon_core.verb.build.BuildVerb object at 0x74568987e4d0>, main=<bound method BuildVerb.main of <colcon_core.verb.build.BuildVerb object at 0x74568987e4d0>>)
[0.413s] Level 1:colcon.colcon_core.package_discovery:discover_packages(colcon_meta) check parameters
[0.413s] Level 1:colcon.colcon_core.package_discovery:discover_packages(recursive) check parameters
[0.413s] Level 1:colcon.colcon_core.package_discovery:discover_packages(ignore) check parameters
[0.413s] Level 1:colcon.colcon_core.package_discovery:discover_packages(path) check parameters
[0.413s] Level 1:colcon.colcon_core.package_discovery:discover_packages(colcon_meta) discover
[0.414s] Level 1:colcon.colcon_core.package_discovery:discover_packages(recursive) discover
[0.414s] INFO:colcon.colcon_core.package_discovery:Crawling recursively for packages in '/home/alex/IMU_ROS2'
[0.414s] Level 1:colcon.colcon_core.package_identification:_identify(.) by extensions ['ignore', 'ignore_ament_install']
[0.414s] Level 1:colcon.colcon_core.package_identification:_identify(.) by extension 'ignore'
[0.414s] Level 1:colcon.colcon_core.package_identification:_identify(.) by extension 'ignore_ament_install'
[0.414s] Level 1:colcon.colcon_core.package_identification:_identify(.) by extensions ['colcon_pkg']
[0.414s] Level 1:colcon.colcon_core.package_identification:_identify(.) by extension 'colcon_pkg'
[0.414s] Level 1:colcon.colcon_core.package_identification:_identify(.) by extensions ['colcon_meta']
[0.414s] Level 1:colcon.colcon_core.package_identification:_identify(.) by extension 'colcon_meta'
[0.414s] Level 1:colcon.colcon_core.package_identification:_identify(.) by extensions ['ros']
[0.414s] Level 1:colcon.colcon_core.package_identification:_identify(.) by extension 'ros'
[0.429s] Level 1:colcon.colcon_core.package_identification:_identify(.) by extensions ['cmake', 'python']
[0.429s] Level 1:colcon.colcon_core.package_identification:_identify(.) by extension 'cmake'
[0.429s] Level 1:colcon.colcon_core.package_identification:_identify(.) by extension 'python'
[0.429s] Level 1:colcon.colcon_core.package_identification:_identify(.) by extensions ['python_setup_py']
[0.429s] Level 1:colcon.colcon_core.package_identification:_identify(.) by extension 'python_setup_py'
[0.429s] Level 1:colcon.colcon_core.package_identification:_identify(IMU_Library) by extensions ['ignore', 'ignore_ament_install']
[0.429s] Level 1:colcon.colcon_core.package_identification:_identify(IMU_Library) by extension 'ignore'
[0.429s] Level 1:colcon.colcon_core.package_identification:_identify(IMU_Library) by extension 'ignore_ament_install'
[0.429s] Level 1:colcon.colcon_core.package_identification:_identify(IMU_Library) by extensions ['colcon_pkg']
[0.429s] Level 1:colcon.colcon_core.package_identification:_identify(IMU_Library) by extension 'colcon_pkg'
[0.430s] Level 1:colcon.colcon_core.package_identification:_identify(IMU_Library) by extensions ['colcon_meta']
[0.430s] Level 1:colcon.colcon_core.package_identification:_identify(IMU_Library) by extension 'colcon_meta'
[0.430s] Level 1:colcon.colcon_core.package_identification:_identify(IMU_Library) by extensions ['ros']
[0.430s] Level 1:colcon.colcon_core.package_identification:_identify(IMU_Library) by extension 'ros'
[0.430s] Level 1:colcon.colcon_core.package_identification:_identify(IMU_Library) by extensions ['cmake', 'python']
[0.430s] Level 1:colcon.colcon_core.package_identification:_identify(IMU_Library) by extension 'cmake'
[0.430s] Level 1:colcon.colcon_core.package_identification:_identify(IMU_Library) by extension 'python'
[0.430s] Level 1:colcon.colcon_core.package_identification:_identify(IMU_Library) by extensions ['python_setup_py']
[0.430s] Level 1:colcon.colcon_core.package_identification:_identify(IMU_Library) by extension 'python_setup_py'
[0.894s] DEBUG:colcon.colcon_core.package_identification:Package 'IMU_Library' with type 'python' and name 'IMU_Library'
[0.895s] Level 1:colcon.colcon_core.package_identification:_identify(build) by extensions ['ignore', 'ignore_ament_install']
[0.895s] Level 1:colcon.colcon_core.package_identification:_identify(build) by extension 'ignore'
[0.895s] Level 1:colcon.colcon_core.package_identification:_identify(build) ignored
[0.895s] Level 1:colcon.colcon_core.package_identification:_identify(install) by extensions ['ignore', 'ignore_ament_install']
[0.895s] Level 1:colcon.colcon_core.package_identification:_identify(install) by extension 'ignore'
[0.895s] Level 1:colcon.colcon_core.package_identification:_identify(install) ignored
[0.896s] Level 1:colcon.colcon_core.package_identification:_identify(log) by extensions ['ignore', 'ignore_ament_install']
[0.896s] Level 1:colcon.colcon_core.package_identification:_identify(log) by extension 'ignore'
[0.896s] Level 1:colcon.colcon_core.package_identification:_identify(log) ignored
[0.896s] Level 1:colcon.colcon_core.package_identification:_identify(src) by extensions ['ignore', 'ignore_ament_install']
[0.897s] Level 1:colcon.colcon_core.package_identification:_identify(src) by extension 'ignore'
[0.897s] Level 1:colcon.colcon_core.package_identification:_identify(src) by extension 'ignore_ament_install'
[0.897s] Level 1:colcon.colcon_core.package_identification:_identify(src) by extensions ['colcon_pkg']
[0.897s] Level 1:colcon.colcon_core.package_identification:_identify(src) by extension 'colcon_pkg'
[0.897s] Level 1:colcon.colcon_core.package_identification:_identify(src) by extensions ['colcon_meta']
[0.897s] Level 1:colcon.colcon_core.package_identification:_identify(src) by extension 'colcon_meta'
[0.898s] Level 1:colcon.colcon_core.package_identification:_identify(src) by extensions ['ros']
[0.898s] Level 1:colcon.colcon_core.package_identification:_identify(src) by extension 'ros'
[0.898s] Level 1:colcon.colcon_core.package_identification:_identify(src) by extensions ['cmake', 'python']
[0.898s] Level 1:colcon.colcon_core.package_identification:_identify(src) by extension 'cmake'
[0.898s] Level 1:colcon.colcon_core.package_identification:_identify(src) by extension 'python'
[0.899s] Level 1:colcon.colcon_core.package_identification:_identify(src) by extensions ['python_setup_py']
[0.899s] Level 1:colcon.colcon_core.package_identification:_identify(src) by extension 'python_setup_py'
[0.899s] Level 1:colcon.colcon_core.package_identification:_identify(src/imu_ros2) by extensions ['ignore', 'ignore_ament_install']
[0.899s] Level 1:colcon.colcon_core.package_identification:_identify(src/imu_ros2) by extension 'ignore'
[0.899s] Level 1:colcon.colcon_core.package_identification:_identify(src/imu_ros2) by extension 'ignore_ament_install'
[0.900s] Level 1:colcon.colcon_core.package_identification:_identify(src/imu_ros2) by extensions ['colcon_pkg']
[0.900s] Level 1:colcon.colcon_core.package_identification:_identify(src/imu_ros2) by extension 'colcon_pkg'
[0.900s] Level 1:colcon.colcon_core.package_identification:_identify(src/imu_ros2) by extensions ['colcon_meta']
[0.900s] Level 1:colcon.colcon_core.package_identification:_identify(src/imu_ros2) by extension 'colcon_meta'
[0.900s] Level 1:colcon.colcon_core.package_identification:_identify(src/imu_ros2) by extensions ['ros']
[0.900s] Level 1:colcon.colcon_core.package_identification:_identify(src/imu_ros2) by extension 'ros'
[0.904s] DEBUG:colcon.colcon_core.package_identification:Package 'src/imu_ros2' with type 'ros.ament_python' and name 'imu_ros2'
[0.904s] Level 1:colcon.colcon_core.package_discovery:discover_packages(recursive) using defaults
[0.905s] Level 1:colcon.colcon_core.package_discovery:discover_packages(ignore) discover
[0.905s] Level 1:colcon.colcon_core.package_discovery:discover_packages(ignore) using defaults
[0.905s] Level 1:colcon.colcon_core.package_discovery:discover_packages(path) discover
[0.905s] Level 1:colcon.colcon_core.package_discovery:discover_packages(path) using defaults
[0.954s] Level 1:colcon.colcon_core.package_discovery:discover_packages(prefix_path) check parameters
[0.954s] Level 1:colcon.colcon_core.package_discovery:discover_packages(prefix_path) discover
[0.956s] DEBUG:colcon.colcon_installed_package_information.package_discovery:Found 2 installed packages in /home/alex/IMU_ROS2/install
[0.957s] DEBUG:colcon.colcon_installed_package_information.package_discovery:Found 1 installed packages in /home/alex/Desktop/imu_ws/install
[0.957s] DEBUG:colcon.colcon_installed_package_information.package_discovery:Found 1 installed packages in /home/alex/ros_imu_ws/install
[0.959s] DEBUG:colcon.colcon_installed_package_information.package_discovery:Found 273 installed packages in /opt/ros/humble
[0.963s] Level 1:colcon.colcon_core.package_discovery:discover_packages(prefix_path) using defaults
[1.025s] Level 5:colcon.colcon_core.verb:set package 'IMU_Library' build argument 'cmake_args' from command line to 'None'
[1.026s] Level 5:colcon.colcon_core.verb:set package 'IMU_Library' build argument 'cmake_target' from command line to 'None'
[1.026s] Level 5:colcon.colcon_core.verb:set package 'IMU_Library' build argument 'cmake_target_skip_unavailable' from command line to 'False'
[1.026s] Level 5:colcon.colcon_core.verb:set package 'IMU_Library' build argument 'cmake_clean_cache' from command line to 'False'
[1.026s] Level 5:colcon.colcon_core.verb:set package 'IMU_Library' build argument 'cmake_clean_first' from command line to 'False'
[1.026s] Level 5:colcon.colcon_core.verb:set package 'IMU_Library' build argument 'cmake_force_configure' from command line to 'False'
[1.026s] Level 5:colcon.colcon_core.verb:set package 'IMU_Library' build argument 'ament_cmake_args' from command line to 'None'
[1.026s] Level 5:colcon.colcon_core.verb:set package 'IMU_Library' build argument 'catkin_cmake_args' from command line to 'None'
[1.026s] Level 5:colcon.colcon_core.verb:set package 'IMU_Library' build argument 'catkin_skip_building_tests' from command line to 'False'
[1.026s] DEBUG:colcon.colcon_core.verb:Building package 'IMU_Library' with the following arguments: {'ament_cmake_args': None, 'build_base': '/home/alex/IMU_ROS2/build/IMU_Library', 'catkin_cmake_args': None, 'catkin_skip_building_tests': False, 'cmake_args': None, 'cmake_clean_cache': False, 'cmake_clean_first': False, 'cmake_force_configure': False, 'cmake_target': None, 'cmake_target_skip_unavailable': False, 'install_base': '/home/alex/IMU_ROS2/install/IMU_Library', 'merge_install': False, 'path': '/home/alex/IMU_ROS2/IMU_Library', 'symlink_install': True, 'test_result_base': None}
[1.027s] Level 5:colcon.colcon_core.verb:set package 'imu_ros2' build argument 'cmake_args' from command line to 'None'
[1.027s] Level 5:colcon.colcon_core.verb:set package 'imu_ros2' build argument 'cmake_target' from command line to 'None'
[1.027s] Level 5:colcon.colcon_core.verb:set package 'imu_ros2' build argument 'cmake_target_skip_unavailable' from command line to 'False'
[1.027s] Level 5:colcon.colcon_core.verb:set package 'imu_ros2' build argument 'cmake_clean_cache' from command line to 'False'
[1.027s] Level 5:colcon.colcon_core.verb:set package 'imu_ros2' build argument 'cmake_clean_first' from command line to 'False'
[1.027s] Level 5:colcon.colcon_core.verb:set package 'imu_ros2' build argument 'cmake_force_configure' from command line to 'False'
[1.027s] Level 5:colcon.colcon_core.verb:set package 'imu_ros2' build argument 'ament_cmake_args' from command line to 'None'
[1.027s] Level 5:colcon.colcon_core.verb:set package 'imu_ros2' build argument 'catkin_cmake_args' from command line to 'None'
[1.027s] Level 5:colcon.colcon_core.verb:set package 'imu_ros2' build argument 'catkin_skip_building_tests' from command line to 'False'
[1.027s] DEBUG:colcon.colcon_core.verb:Building package 'imu_ros2' with the following arguments: {'ament_cmake_args': None, 'build_base': '/home/alex/IMU_ROS2/build/imu_ros2', 'catkin_cmake_args': None, 'catkin_skip_building_tests': False, 'cmake_args': None, 'cmake_clean_cache': False, 'cmake_clean_first': False, 'cmake_force_configure': False, 'cmake_target': None, 'cmake_target_skip_unavailable': False, 'install_base': '/home/alex/IMU_ROS2/install/imu_ros2', 'merge_install': False, 'path': '/home/alex/IMU_ROS2/src/imu_ros2', 'symlink_install': True, 'test_result_base': None}
[1.027s] INFO:colcon.colcon_core.executor:Executing jobs using 'parallel' executor
[1.029s] DEBUG:colcon.colcon_parallel_executor.executor.parallel:run_until_complete
[1.030s] INFO:colcon.colcon_core.task.python.build:Building Python package in '/home/alex/IMU_ROS2/IMU_Library'
[1.034s] INFO:colcon.colcon_core.plugin_system:Skipping extension 'colcon_core.shell.bat': Not used on non-Windows systems
[1.034s] INFO:colcon.colcon_core.shell:Skip shell extension 'powershell' for command environment: Not usable outside of PowerShell
[1.034s] DEBUG:colcon.colcon_core.shell:Skip shell extension 'dsv' for command environment
[1.045s] INFO:colcon.colcon_ros.task.ament_python.build:Building ROS package in '/home/alex/IMU_ROS2/src/imu_ros2' with build type 'ament_python'
[1.046s] Level 1:colcon.colcon_core.shell:create_environment_hook('imu_ros2', 'ament_prefix_path')
[1.046s] INFO:colcon.colcon_core.shell:Creating environment hook '/home/alex/IMU_ROS2/install/imu_ros2/share/imu_ros2/hook/ament_prefix_path.ps1'
[1.048s] INFO:colcon.colcon_core.shell:Creating environment descriptor '/home/alex/IMU_ROS2/install/imu_ros2/share/imu_ros2/hook/ament_prefix_path.dsv'
[1.049s] INFO:colcon.colcon_core.shell:Creating environment hook '/home/alex/IMU_ROS2/install/imu_ros2/share/imu_ros2/hook/ament_prefix_path.sh'
[1.050s] INFO:colcon.colcon_core.shell:Skip shell extension 'powershell' for command environment: Not usable outside of PowerShell
[1.050s] DEBUG:colcon.colcon_core.shell:Skip shell extension 'dsv' for command environment
[2.146s] INFO:colcon.colcon_core.task.python.build:Building Python package in '/home/alex/IMU_ROS2/src/imu_ros2'
[2.147s] INFO:colcon.colcon_core.shell:Skip shell extension 'powershell' for command environment: Not usable outside of PowerShell
[2.147s] DEBUG:colcon.colcon_core.shell:Skip shell extension 'dsv' for command environment
[2.252s] DEBUG:colcon.colcon_core.event_handler.log_command:Invoking command in '/home/alex/IMU_ROS2/build/IMU_Library': PYTHONPATH=/home/alex/IMU_ROS2/build/IMU_Library/prefix_override:/usr/lib/python3/dist-packages/colcon_core/task/python/colcon_distutils_commands:/home/alex/IMU_ROS2/install/IMU_Library/lib/python3.10/site-packages:${PYTHONPATH} /usr/bin/python3 -W ignore:setup.py install is deprecated -W ignore:easy_install command is deprecated setup.py develop --editable --build-directory /home/alex/IMU_ROS2/build/IMU_Library/build --no-deps
[2.875s] DEBUG:colcon.colcon_core.task.python.build:While undoing a previous installation files outside the Python library path are being ignored: /home/alex/IMU_ROS2/install/imu_ros2/share/ament_index/resource_index/packages/imu_ros2
[2.876s] DEBUG:colcon.colcon_core.task.python.build:While undoing a previous installation files outside the Python library path are being ignored: /home/alex/IMU_ROS2/install/imu_ros2/share/imu_ros2/package.xml
[2.876s] DEBUG:colcon.colcon_core.task.python.build:While undoing a previous installation files outside the Python library path are being ignored: /home/alex/IMU_ROS2/install/imu_ros2/share/imu_ros2/srv/ResetCalibration.srv
[2.876s] DEBUG:colcon.colcon_core.task.python.build:While undoing a previous installation files outside the Python library path are being ignored: /home/alex/IMU_ROS2/install/imu_ros2/share/imu_ros2/srv/CalibrateMagnetometer.srv
[2.876s] DEBUG:colcon.colcon_core.task.python.build:While undoing a previous installation files outside the Python library path are being ignored: /home/alex/IMU_ROS2/install/imu_ros2/share/imu_ros2/srv/CalibrateIMU.srv
[2.876s] DEBUG:colcon.colcon_core.task.python.build:While undoing a previous installation files outside the Python library path are being ignored: /home/alex/IMU_ROS2/install/imu_ros2/share/imu_ros2/launch/imu_visualization.launch.py
[2.876s] DEBUG:colcon.colcon_core.task.python.build:While undoing a previous installation files outside the Python library path are being ignored: /home/alex/IMU_ROS2/install/imu_ros2/share/imu_ros2/rviz/imu_config.rviz
[2.877s] DEBUG:colcon.colcon_core.task.python.build:While undoing a previous installation files outside the Python library path are being ignored: /home/alex/IMU_ROS2/install/imu_ros2/lib/imu_ros2/imu_calibrator
[2.877s] DEBUG:colcon.colcon_core.task.python.build:While undoing a previous installation files outside the Python library path are being ignored: /home/alex/IMU_ROS2/install/imu_ros2/lib/imu_ros2/imu_publisher
[2.887s] DEBUG:colcon.colcon_core.event_handler.log_command:Invoking command in '/home/alex/IMU_ROS2/build/imu_ros2': PYTHONPATH=/home/alex/IMU_ROS2/build/imu_ros2/prefix_override:/usr/lib/python3/dist-packages/colcon_core/task/python/colcon_distutils_commands:/home/alex/IMU_ROS2/install/imu_ros2/lib/python3.10/site-packages:${PYTHONPATH} /usr/bin/python3 -W ignore:setup.py install is deprecated -W ignore:easy_install command is deprecated setup.py develop --editable --build-directory /home/alex/IMU_ROS2/build/imu_ros2/build --no-deps symlink_data --force
[3.198s] Level 1:colcon.colcon_core.shell:create_environment_hook('IMU_Library', 'pythonpath_develop')
[3.200s] INFO:colcon.colcon_core.shell:Creating environment hook '/home/alex/IMU_ROS2/build/IMU_Library/share/IMU_Library/hook/pythonpath_develop.ps1'
[3.205s] INFO:colcon.colcon_core.shell:Creating environment descriptor '/home/alex/IMU_ROS2/build/IMU_Library/share/IMU_Library/hook/pythonpath_develop.dsv'
[3.206s] DEBUG:colcon.colcon_core.event_handler.log_command:Invoked command in '/home/alex/IMU_ROS2/build/IMU_Library' returned '0': PYTHONPATH=/home/alex/IMU_ROS2/build/IMU_Library/prefix_override:/usr/lib/python3/dist-packages/colcon_core/task/python/colcon_distutils_commands:/home/alex/IMU_ROS2/install/IMU_Library/lib/python3.10/site-packages:${PYTHONPATH} /usr/bin/python3 -W ignore:setup.py install is deprecated -W ignore:easy_install command is deprecated setup.py develop --editable --build-directory /home/alex/IMU_ROS2/build/IMU_Library/build --no-deps
[3.208s] INFO:colcon.colcon_core.shell:Creating environment hook '/home/alex/IMU_ROS2/build/IMU_Library/share/IMU_Library/hook/pythonpath_develop.sh'
[3.214s] Level 1:colcon.colcon_core.environment:checking '/home/alex/IMU_ROS2/install/IMU_Library' for CMake module files
[3.215s] Level 1:colcon.colcon_core.environment:checking '/home/alex/IMU_ROS2/install/IMU_Library' for CMake config files
[3.216s] Level 1:colcon.colcon_core.environment:checking '/home/alex/IMU_ROS2/install/IMU_Library/lib'
[3.217s] Level 1:colcon.colcon_core.environment:checking '/home/alex/IMU_ROS2/install/IMU_Library/bin'
[3.217s] Level 1:colcon.colcon_core.environment:checking '/home/alex/IMU_ROS2/install/IMU_Library/lib/pkgconfig/IMU_Library.pc'
[3.217s] Level 1:colcon.colcon_core.environment:checking '/home/alex/IMU_ROS2/install/IMU_Library/lib/python3.10/site-packages'
[3.218s] Level 1:colcon.colcon_core.shell:create_environment_hook('IMU_Library', 'pythonpath')
[3.218s] INFO:colcon.colcon_core.shell:Creating environment hook '/home/alex/IMU_ROS2/install/IMU_Library/share/IMU_Library/hook/pythonpath.ps1'
[3.221s] INFO:colcon.colcon_core.shell:Creating environment descriptor '/home/alex/IMU_ROS2/install/IMU_Library/share/IMU_Library/hook/pythonpath.dsv'
[3.223s] INFO:colcon.colcon_core.shell:Creating environment hook '/home/alex/IMU_ROS2/install/IMU_Library/share/IMU_Library/hook/pythonpath.sh'
[3.225s] Level 1:colcon.colcon_core.environment:checking '/home/alex/IMU_ROS2/install/IMU_Library/bin'
[3.226s] Level 1:colcon.colcon_core.environment:create_environment_scripts_only(IMU_Library)
[3.226s] INFO:colcon.colcon_core.shell:Creating package script '/home/alex/IMU_ROS2/install/IMU_Library/share/IMU_Library/package.ps1'
[3.228s] INFO:colcon.colcon_core.shell:Creating package descriptor '/home/alex/IMU_ROS2/install/IMU_Library/share/IMU_Library/package.dsv'
[3.230s] INFO:colcon.colcon_core.shell:Creating package script '/home/alex/IMU_ROS2/install/IMU_Library/share/IMU_Library/package.sh'
[3.231s] INFO:colcon.colcon_core.shell:Creating package script '/home/alex/IMU_ROS2/install/IMU_Library/share/IMU_Library/package.bash'
[3.233s] INFO:colcon.colcon_core.shell:Creating package script '/home/alex/IMU_ROS2/install/IMU_Library/share/IMU_Library/package.zsh'
[3.236s] Level 1:colcon.colcon_core.environment:create_file_with_runtime_dependencies(/home/alex/IMU_ROS2/install/IMU_Library/share/colcon-core/packages/IMU_Library)
[4.356s] Level 1:colcon.colcon_core.shell:create_environment_hook('imu_ros2', 'pythonpath_develop')
[4.357s] INFO:colcon.colcon_core.shell:Creating environment hook '/home/alex/IMU_ROS2/build/imu_ros2/share/imu_ros2/hook/pythonpath_develop.ps1'
[4.360s] DEBUG:colcon.colcon_core.event_handler.log_command:Invoked command in '/home/alex/IMU_ROS2/build/imu_ros2' returned '0': PYTHONPATH=/home/alex/IMU_ROS2/build/imu_ros2/prefix_override:/usr/lib/python3/dist-packages/colcon_core/task/python/colcon_distutils_commands:/home/alex/IMU_ROS2/install/imu_ros2/lib/python3.10/site-packages:${PYTHONPATH} /usr/bin/python3 -W ignore:setup.py install is deprecated -W ignore:easy_install command is deprecated setup.py develop --editable --build-directory /home/alex/IMU_ROS2/build/imu_ros2/build --no-deps symlink_data --force
[4.362s] INFO:colcon.colcon_core.shell:Creating environment descriptor '/home/alex/IMU_ROS2/build/imu_ros2/share/imu_ros2/hook/pythonpath_develop.dsv'
[4.366s] INFO:colcon.colcon_core.shell:Creating environment hook '/home/alex/IMU_ROS2/build/imu_ros2/share/imu_ros2/hook/pythonpath_develop.sh'
[4.370s] Level 1:colcon.colcon_core.environment:checking '/home/alex/IMU_ROS2/install/imu_ros2' for CMake module files
[4.371s] Level 1:colcon.colcon_core.environment:checking '/home/alex/IMU_ROS2/install/imu_ros2' for CMake config files
[4.373s] Level 1:colcon.colcon_core.environment:checking '/home/alex/IMU_ROS2/install/imu_ros2/lib'
[4.375s] Level 1:colcon.colcon_core.environment:checking '/home/alex/IMU_ROS2/install/imu_ros2/bin'
[4.375s] Level 1:colcon.colcon_core.environment:checking '/home/alex/IMU_ROS2/install/imu_ros2/lib/pkgconfig/imu_ros2.pc'
[4.376s] Level 1:colcon.colcon_core.environment:checking '/home/alex/IMU_ROS2/install/imu_ros2/lib/python3.10/site-packages'
[4.376s] Level 1:colcon.colcon_core.shell:create_environment_hook('imu_ros2', 'pythonpath')
[4.378s] INFO:colcon.colcon_core.shell:Creating environment hook '/home/alex/IMU_ROS2/install/imu_ros2/share/imu_ros2/hook/pythonpath.ps1'
[4.381s] INFO:colcon.colcon_core.shell:Creating environment descriptor '/home/alex/IMU_ROS2/install/imu_ros2/share/imu_ros2/hook/pythonpath.dsv'
[4.386s] INFO:colcon.colcon_core.shell:Creating environment hook '/home/alex/IMU_ROS2/install/imu_ros2/share/imu_ros2/hook/pythonpath.sh'
[4.388s] Level 1:colcon.colcon_core.environment:checking '/home/alex/IMU_ROS2/install/imu_ros2/bin'
[4.388s] Level 1:colcon.colcon_core.environment:create_environment_scripts_only(imu_ros2)
[4.389s] INFO:colcon.colcon_core.shell:Creating package script '/home/alex/IMU_ROS2/install/imu_ros2/share/imu_ros2/package.ps1'
[4.391s] INFO:colcon.colcon_core.shell:Creating package descriptor '/home/alex/IMU_ROS2/install/imu_ros2/share/imu_ros2/package.dsv'
[4.394s] INFO:colcon.colcon_core.shell:Creating package script '/home/alex/IMU_ROS2/install/imu_ros2/share/imu_ros2/package.sh'
[4.396s] INFO:colcon.colcon_core.shell:Creating package script '/home/alex/IMU_ROS2/install/imu_ros2/share/imu_ros2/package.bash'
[4.397s] INFO:colcon.colcon_core.shell:Creating package script '/home/alex/IMU_ROS2/install/imu_ros2/share/imu_ros2/package.zsh'
[4.399s] Level 1:colcon.colcon_core.environment:create_file_with_runtime_dependencies(/home/alex/IMU_ROS2/install/imu_ros2/share/colcon-core/packages/imu_ros2)
[4.401s] DEBUG:colcon.colcon_parallel_executor.executor.parallel:closing loop
[4.401s] DEBUG:colcon.colcon_parallel_executor.executor.parallel:loop closed
[4.401s] DEBUG:colcon.colcon_parallel_executor.executor.parallel:run_until_complete finished with '0'
[4.401s] DEBUG:colcon.colcon_core.event_reactor:joining thread
[4.419s] INFO:colcon.colcon_core.plugin_system:Skipping extension 'colcon_notification.desktop_notification.terminal_notifier': Not used on non-Darwin systems
[4.420s] INFO:colcon.colcon_core.plugin_system:Skipping extension 'colcon_notification.desktop_notification.win32': Not used on non-Windows systems
[4.420s] INFO:colcon.colcon_notification.desktop_notification:Sending desktop notification using 'notify2'
[4.458s] DEBUG:colcon.colcon_core.event_reactor:joined thread
[4.459s] INFO:colcon.colcon_core.shell:Creating prefix script '/home/alex/IMU_ROS2/install/local_setup.ps1'
[4.463s] INFO:colcon.colcon_core.shell:Creating prefix util module '/home/alex/IMU_ROS2/install/_local_setup_util_ps1.py'
[4.466s] INFO:colcon.colcon_core.shell:Creating prefix chain script '/home/alex/IMU_ROS2/install/setup.ps1'
[4.472s] INFO:colcon.colcon_core.shell:Creating prefix script '/home/alex/IMU_ROS2/install/local_setup.sh'
[4.476s] INFO:colcon.colcon_core.shell:Creating prefix util module '/home/alex/IMU_ROS2/install/_local_setup_util_sh.py'
[4.478s] INFO:colcon.colcon_core.shell:Creating prefix chain script '/home/alex/IMU_ROS2/install/setup.sh'
[4.481s] INFO:colcon.colcon_core.shell:Creating prefix script '/home/alex/IMU_ROS2/install/local_setup.bash'
[4.482s] INFO:colcon.colcon_core.shell:Creating prefix chain script '/home/alex/IMU_ROS2/install/setup.bash'
[4.484s] INFO:colcon.colcon_core.shell:Creating prefix script '/home/alex/IMU_ROS2/install/local_setup.zsh'
[4.488s] INFO:colcon.colcon_core.shell:Creating prefix chain script '/home/alex/IMU_ROS2/install/setup.zsh'
