[2.103s] Invoking command in '/home/alex/IMU_ROS2/build/IMU_Library': PYTHONPATH=/home/alex/IMU_ROS2/build/IMU_Library/prefix_override:/usr/lib/python3/dist-packages/colcon_core/task/python/colcon_distutils_commands:/home/alex/IMU_ROS2/install/IMU_Library/lib/python3.10/site-packages:${PYTHONPATH} /usr/bin/python3 -W ignore:setup.py install is deprecated -W ignore:easy_install command is deprecated setup.py develop --uninstall --editable --build-directory /home/alex/IMU_ROS2/build/IMU_Library/build
[2.559s] running develop
[2.901s] Removing /home/alex/IMU_ROS2/install/IMU_Library/lib/python3.10/site-packages/IMU-Library.egg-link (link to .)
[2.965s] Invoked command in '/home/alex/IMU_ROS2/build/IMU_Library' returned '0': PYTHONPATH=/home/alex/IMU_ROS2/build/IMU_Library/prefix_override:/usr/lib/python3/dist-packages/colcon_core/task/python/colcon_distutils_commands:/home/alex/IMU_ROS2/install/IMU_Library/lib/python3.10/site-packages:${PYTHONPATH} /usr/bin/python3 -W ignore:setup.py install is deprecated -W ignore:easy_install command is deprecated setup.py develop --uninstall --editable --build-directory /home/alex/IMU_ROS2/build/IMU_Library/build
[2.966s] Invoking command in '/home/alex/IMU_ROS2/IMU_Library': PYTHONPATH=/home/alex/IMU_ROS2/build/IMU_Library/prefix_override:/usr/lib/python3/dist-packages/colcon_core/task/python/colcon_distutils_commands:/home/alex/IMU_ROS2/install/IMU_Library/lib/python3.10/site-packages:${PYTHONPATH} /usr/bin/python3 -W ignore:setup.py install is deprecated -W ignore:easy_install command is deprecated setup.py egg_info --egg-base ../build/IMU_Library build --build-base /home/alex/IMU_ROS2/build/IMU_Library/build install --record /home/alex/IMU_ROS2/build/IMU_Library/install.log --single-version-externally-managed
[3.425s] running egg_info
[3.429s] writing ../build/IMU_Library/IMU_Library.egg-info/PKG-INFO
[3.429s] writing dependency_links to ../build/IMU_Library/IMU_Library.egg-info/dependency_links.txt
[3.429s] writing requirements to ../build/IMU_Library/IMU_Library.egg-info/requires.txt
[3.429s] writing top-level names to ../build/IMU_Library/IMU_Library.egg-info/top_level.txt
[3.430s] reading manifest file '../build/IMU_Library/IMU_Library.egg-info/SOURCES.txt'
[3.432s] writing manifest file '../build/IMU_Library/IMU_Library.egg-info/SOURCES.txt'
[3.432s] running build
[3.433s] running build_py
[3.433s] creating /home/alex/IMU_ROS2/build/IMU_Library/build
[3.439s] creating /home/alex/IMU_ROS2/build/IMU_Library/build/lib
[3.439s] creating /home/alex/IMU_ROS2/build/IMU_Library/build/lib/IMU_Library
[3.440s] copying IMU_Library/imu_calibration_tool.py -> /home/alex/IMU_ROS2/build/IMU_Library/build/lib/IMU_Library
[3.440s] copying IMU_Library/IMU_visualization.py -> /home/alex/IMU_ROS2/build/IMU_Library/build/lib/IMU_Library
[3.440s] copying IMU_Library/IMU_I2C_Library.py -> /home/alex/IMU_ROS2/build/IMU_Library/build/lib/IMU_Library
[3.440s] copying IMU_Library/__init__.py -> /home/alex/IMU_ROS2/build/IMU_Library/build/lib/IMU_Library
[3.440s] copying IMU_Library/IMU_Serial_Library.py -> /home/alex/IMU_ROS2/build/IMU_Library/build/lib/IMU_Library
[3.440s] running install
[3.440s] running install_lib
[3.440s] creating /home/alex/IMU_ROS2/install/IMU_Library/lib/python3.10/site-packages/IMU_Library
[3.440s] copying /home/alex/IMU_ROS2/build/IMU_Library/build/lib/IMU_Library/imu_calibration_tool.py -> /home/alex/IMU_ROS2/install/IMU_Library/lib/python3.10/site-packages/IMU_Library
[3.440s] copying /home/alex/IMU_ROS2/build/IMU_Library/build/lib/IMU_Library/IMU_visualization.py -> /home/alex/IMU_ROS2/install/IMU_Library/lib/python3.10/site-packages/IMU_Library
[3.441s] copying /home/alex/IMU_ROS2/build/IMU_Library/build/lib/IMU_Library/IMU_I2C_Library.py -> /home/alex/IMU_ROS2/install/IMU_Library/lib/python3.10/site-packages/IMU_Library
[3.441s] copying /home/alex/IMU_ROS2/build/IMU_Library/build/lib/IMU_Library/__init__.py -> /home/alex/IMU_ROS2/install/IMU_Library/lib/python3.10/site-packages/IMU_Library
[3.441s] copying /home/alex/IMU_ROS2/build/IMU_Library/build/lib/IMU_Library/IMU_Serial_Library.py -> /home/alex/IMU_ROS2/install/IMU_Library/lib/python3.10/site-packages/IMU_Library
[3.441s] byte-compiling /home/alex/IMU_ROS2/install/IMU_Library/lib/python3.10/site-packages/IMU_Library/imu_calibration_tool.py to imu_calibration_tool.cpython-310.pyc
[3.444s] byte-compiling /home/alex/IMU_ROS2/install/IMU_Library/lib/python3.10/site-packages/IMU_Library/IMU_visualization.py to IMU_visualization.cpython-310.pyc
[3.448s] byte-compiling /home/alex/IMU_ROS2/install/IMU_Library/lib/python3.10/site-packages/IMU_Library/IMU_I2C_Library.py to IMU_I2C_Library.cpython-310.pyc
[3.448s] byte-compiling /home/alex/IMU_ROS2/install/IMU_Library/lib/python3.10/site-packages/IMU_Library/__init__.py to __init__.cpython-310.pyc
[3.448s] byte-compiling /home/alex/IMU_ROS2/install/IMU_Library/lib/python3.10/site-packages/IMU_Library/IMU_Serial_Library.py to IMU_Serial_Library.cpython-310.pyc
[3.454s] running install_egg_info
[3.457s] Copying ../build/IMU_Library/IMU_Library.egg-info to /home/alex/IMU_ROS2/install/IMU_Library/lib/python3.10/site-packages/IMU_Library-1.0.0-py3.10.egg-info
[3.458s] running install_scripts
[3.503s] writing list of installed files to '/home/alex/IMU_ROS2/build/IMU_Library/install.log'
[3.553s] Invoked command in '/home/alex/IMU_ROS2/IMU_Library' returned '0': PYTHONPATH=/home/alex/IMU_ROS2/build/IMU_Library/prefix_override:/usr/lib/python3/dist-packages/colcon_core/task/python/colcon_distutils_commands:/home/alex/IMU_ROS2/install/IMU_Library/lib/python3.10/site-packages:${PYTHONPATH} /usr/bin/python3 -W ignore:setup.py install is deprecated -W ignore:easy_install command is deprecated setup.py egg_info --egg-base ../build/IMU_Library build --build-base /home/alex/IMU_ROS2/build/IMU_Library/build install --record /home/alex/IMU_ROS2/build/IMU_Library/install.log --single-version-externally-managed
