[3.115s] Invoking command in '/home/alex/IMU_ROS2/build/imu_ros2': PYTHONPATH=/home/alex/IMU_ROS2/build/imu_ros2/prefix_override:/usr/lib/python3/dist-packages/colcon_core/task/python/colcon_distutils_commands:/home/alex/IMU_ROS2/install/imu_ros2/lib/python3.10/site-packages:${PYTHONPATH} /usr/bin/python3 -W ignore:setup.py install is deprecated -W ignore:easy_install command is deprecated setup.py develop --editable --build-directory /home/alex/IMU_ROS2/build/imu_ros2/build --no-deps symlink_data
[3.725s] running develop
[4.106s] running egg_info
[4.107s] creating imu_ros2.egg-info
[4.108s] writing imu_ros2.egg-info/PKG-INFO
[4.109s] writing dependency_links to imu_ros2.egg-info/dependency_links.txt
[4.110s] writing entry points to imu_ros2.egg-info/entry_points.txt
[4.110s] writing requirements to imu_ros2.egg-info/requires.txt
[4.112s] writing top-level names to imu_ros2.egg-info/top_level.txt
[4.112s] writing manifest file 'imu_ros2.egg-info/SOURCES.txt'
[4.115s] reading manifest file 'imu_ros2.egg-info/SOURCES.txt'
[4.116s] writing manifest file 'imu_ros2.egg-info/SOURCES.txt'
[4.119s] running build_ext
[4.121s] Creating /home/alex/IMU_ROS2/install/imu_ros2/lib/python3.10/site-packages/imu-ros2.egg-link (link to .)
[4.122s] Installing imu_calibrator script to /home/alex/IMU_ROS2/install/imu_ros2/lib/imu_ros2
[4.122s] Installing imu_publisher script to /home/alex/IMU_ROS2/install/imu_ros2/lib/imu_ros2
[4.123s] 
[4.123s] Installed /home/alex/IMU_ROS2/build/imu_ros2
[4.124s] running symlink_data
[4.124s] creating /home/alex/IMU_ROS2/install/imu_ros2/share/ament_index
[4.124s] creating /home/alex/IMU_ROS2/install/imu_ros2/share/ament_index/resource_index
[4.124s] creating /home/alex/IMU_ROS2/install/imu_ros2/share/ament_index/resource_index/packages
[4.125s] symbolically linking /home/alex/IMU_ROS2/build/imu_ros2/resource/imu_ros2 -> /home/alex/IMU_ROS2/install/imu_ros2/share/ament_index/resource_index/packages
[4.125s] symbolically linking /home/alex/IMU_ROS2/build/imu_ros2/package.xml -> /home/alex/IMU_ROS2/install/imu_ros2/share/imu_ros2
[4.125s] creating /home/alex/IMU_ROS2/install/imu_ros2/share/imu_ros2/srv
[4.126s] symbolically linking /home/alex/IMU_ROS2/build/imu_ros2/srv/ResetCalibration.srv -> /home/alex/IMU_ROS2/install/imu_ros2/share/imu_ros2/srv
[4.126s] symbolically linking /home/alex/IMU_ROS2/build/imu_ros2/srv/CalibrateMagnetometer.srv -> /home/alex/IMU_ROS2/install/imu_ros2/share/imu_ros2/srv
[4.127s] symbolically linking /home/alex/IMU_ROS2/build/imu_ros2/srv/CalibrateIMU.srv -> /home/alex/IMU_ROS2/install/imu_ros2/share/imu_ros2/srv
[4.127s] creating /home/alex/IMU_ROS2/install/imu_ros2/share/imu_ros2/launch
[4.128s] symbolically linking /home/alex/IMU_ROS2/build/imu_ros2/launch/imu_visualization.launch.py -> /home/alex/IMU_ROS2/install/imu_ros2/share/imu_ros2/launch
[4.128s] creating /home/alex/IMU_ROS2/install/imu_ros2/share/imu_ros2/rviz
[4.129s] symbolically linking /home/alex/IMU_ROS2/build/imu_ros2/rviz/imu_config.rviz -> /home/alex/IMU_ROS2/install/imu_ros2/share/imu_ros2/rviz
[4.221s] Invoked command in '/home/alex/IMU_ROS2/build/imu_ros2' returned '0': PYTHONPATH=/home/alex/IMU_ROS2/build/imu_ros2/prefix_override:/usr/lib/python3/dist-packages/colcon_core/task/python/colcon_distutils_commands:/home/alex/IMU_ROS2/install/imu_ros2/lib/python3.10/site-packages:${PYTHONPATH} /usr/bin/python3 -W ignore:setup.py install is deprecated -W ignore:easy_install command is deprecated setup.py develop --editable --build-directory /home/alex/IMU_ROS2/build/imu_ros2/build --no-deps symlink_data
