running develop
running egg_info
writing imu_ros2.egg-info/PKG-INFO
writing dependency_links to imu_ros2.egg-info/dependency_links.txt
writing entry points to imu_ros2.egg-info/entry_points.txt
writing requirements to imu_ros2.egg-info/requires.txt
writing top-level names to imu_ros2.egg-info/top_level.txt
reading manifest file 'imu_ros2.egg-info/SOURCES.txt'
writing manifest file 'imu_ros2.egg-info/SOURCES.txt'
running build_ext
Creating /home/alex/IMU_ROS2/install/imu_ros2/lib/python3.10/site-packages/imu-ros2.egg-link (link to .)
Installing imu_calibrator script to /home/alex/IMU_ROS2/install/imu_ros2/lib/imu_ros2
Installing imu_publisher script to /home/alex/IMU_ROS2/install/imu_ros2/lib/imu_ros2

Installed /home/alex/IMU_ROS2/build/imu_ros2
running symlink_data
symbolically linking /home/alex/IMU_ROS2/build/imu_ros2/resource/imu_ros2 -> /home/alex/IMU_ROS2/install/imu_ros2/share/ament_index/resource_index/packages
symbolically linking /home/alex/IMU_ROS2/build/imu_ros2/package.xml -> /home/alex/IMU_ROS2/install/imu_ros2/share/imu_ros2
symbolically linking /home/alex/IMU_ROS2/build/imu_ros2/srv/ResetCalibration.srv -> /home/alex/IMU_ROS2/install/imu_ros2/share/imu_ros2/srv
symbolically linking /home/alex/IMU_ROS2/build/imu_ros2/srv/CalibrateMagnetometer.srv -> /home/alex/IMU_ROS2/install/imu_ros2/share/imu_ros2/srv
symbolically linking /home/alex/IMU_ROS2/build/imu_ros2/srv/CalibrateIMU.srv -> /home/alex/IMU_ROS2/install/imu_ros2/share/imu_ros2/srv
symbolically linking /home/alex/IMU_ROS2/build/imu_ros2/launch/imu_visualization.launch.py -> /home/alex/IMU_ROS2/install/imu_ros2/share/imu_ros2/launch
symbolically linking /home/alex/IMU_ROS2/build/imu_ros2/rviz/imu_config.rviz -> /home/alex/IMU_ROS2/install/imu_ros2/share/imu_ros2/rviz
